SF:/home/toddobryan/code/dart/dart-scheme/lib/dart_scheme/ast.dart
DA:10,1
DA:14,1
DA:18,0
DA:19,0
DA:21,0
DA:22,0
LF:6
LH:2
end_of_record
SF:/home/toddobryan/code/dart/dart-scheme/lib/dart_scheme/parser.dart
DA:7,6
DA:38,1
DA:39,1
DA:481,2
DA:486,1
DA:487,5
DA:497,2
DA:501,2
DA:544,2
DA:546,2
DA:550,2
DA:551,1
DA:552,1
DA:553,1
DA:554,1
DA:556,3
DA:557,1
DA:558,1
DA:559,2
DA:560,2
DA:561,2
DA:562,2
DA:563,2
DA:564,1
DA:590,1
DA:591,1
DA:592,1
DA:593,1
DA:594,1
DA:595,5
DA:596,6
DA:597,2
DA:599,1
DA:600,4
DA:603,2
DA:604,3
DA:605,2
DA:606,1
DA:607,5
DA:608,4
DA:609,3
DA:610,1
DA:611,1
DA:612,2
DA:613,2
DA:614,1
DA:618,3
DA:619,2
DA:620,1
DA:621,5
DA:622,1
DA:624,2
DA:625,2
DA:626,2
DA:627,2
DA:628,2
DA:629,2
DA:630,2
DA:631,2
DA:632,2
DA:633,2
DA:634,1
DA:636,1
DA:637,1
DA:638,1
DA:639,5
DA:640,1
DA:642,2
DA:643,1
DA:644,5
DA:646,2
DA:647,1
DA:648,1
DA:649,1
DA:650,2
DA:651,1
DA:652,2
DA:653,1
DA:654,1
DA:655,2
DA:656,2
DA:657,2
DA:658,1
DA:659,1
DA:673,2
DA:674,1
DA:675,1
DA:676,1
DA:677,1
DA:678,2
DA:679,1
DA:680,1
DA:681,1
DA:682,1
DA:683,1
DA:684,2
DA:685,1
DA:686,1
DA:687,1
DA:688,1
DA:689,1
DA:690,2
DA:691,1
DA:692,1
DA:693,1
DA:694,1
DA:695,2
DA:696,1
DA:697,1
DA:698,1
DA:699,1
DA:700,2
DA:701,1
DA:702,1
DA:703,1
DA:704,1
DA:705,2
DA:706,1
DA:707,1
DA:708,1
DA:709,1
DA:710,5
DA:711,1
DA:712,1
DA:713,1
DA:714,1
DA:715,6
DA:716,1
DA:717,1
DA:718,1
DA:719,5
DA:720,1
DA:721,1
DA:724,5
DA:725,1
DA:728,5
DA:729,2
DA:731,2
DA:732,7
DA:733,1
DA:734,2
DA:736,2
DA:737,1
DA:738,1
DA:739,1
DA:740,1
DA:741,1
DA:742,5
DA:743,1
DA:744,2
DA:746,1
DA:747,1
DA:748,1
DA:750,1
DA:751,1
DA:752,2
DA:753,1
DA:754,2
DA:755,2
DA:756,3
DA:757,1
DA:758,1
DA:759,2
DA:760,2
DA:761,3
DA:762,1
DA:763,2
DA:764,1
DA:765,3
DA:766,2
DA:770,1
DA:771,6
DA:781,2
DA:782,3
DA:783,3
DA:784,3
DA:785,3
DA:786,2
DA:789,2
DA:790,1
DA:791,1
DA:792,2
DA:793,6
DA:795,2
DA:798,1
DA:799,7
DA:823,1
DA:824,1
DA:825,1
DA:826,1
DA:827,1
DA:828,1
DA:829,1
DA:830,1
DA:831,3
DA:833,0
DA:834,0
DA:909,1
DA:910,8
LF:199
LH:197
end_of_record
SF:/home/toddobryan/code/dart/dart-scheme/lib/dart_scheme/unparsed_numbers.dart
DA:14,1
DA:16,0
DA:17,0
DA:18,0
DA:21,1
DA:23,5
DA:26,0
DA:27,0
DA:30,0
DA:31,0
DA:32,0
DA:33,0
DA:35,0
DA:38,0
DA:39,0
DA:40,0
DA:45,0
DA:46,0
DA:49,0
DA:50,0
DA:51,0
DA:54,0
DA:55,0
DA:57,0
DA:58,0
DA:59,0
DA:62,0
DA:63,0
DA:66,0
DA:67,0
DA:72,1
DA:75,4
DA:76,6
DA:77,3
DA:79,0
DA:80,0
DA:83,0
DA:85,0
DA:92,1
DA:94,0
DA:96,0
DA:99,0
DA:101,0
DA:104,1
DA:107,4
DA:108,4
DA:109,3
DA:111,0
DA:112,0
DA:119,1
DA:121,1
DA:123,4
DA:126,0
DA:127,0
DA:129,1
DA:132,4
DA:133,6
DA:135,0
DA:136,0
DA:144,1
DA:146,1
DA:148,5
DA:151,1
DA:154,4
DA:155,9
DA:157,0
DA:158,0
DA:160,0
DA:162,0
DA:170,1
DA:172,0
DA:174,0
DA:177,1
DA:180,4
DA:181,6
DA:183,0
DA:184,0
DA:186,0
DA:188,0
DA:196,0
DA:198,0
DA:200,0
DA:203,0
DA:206,0
DA:207,0
DA:209,0
DA:210,0
DA:212,0
DA:214,0
DA:218,2
DA:219,2
DA:220,2
DA:221,2
DA:222,0
DA:223,0
DA:225,1
DA:226,1
DA:228,2
DA:229,2
DA:230,2
DA:231,2
LF:101
LH:38
end_of_record
